#
# A fatal error has been detected by the Java Runtime Environment:
#
#  EXCEPTION_ACCESS_VIOLATION (0xc0000005) at pc=0x00007ffa0d8bc734, pid=10656, tid=12632
#
# JRE version: OpenJDK Runtime Environment Corretto-16.0.2.7.1 (16.0.2+7) (build 16.0.2+7)
# Java VM: OpenJDK 64-Bit Server VM Corretto-16.0.2.7.1 (16.0.2+7, mixed mode, sharing, tiered, compressed oops, compressed class ptrs, g1 gc, windows-amd64)
# Problematic frame:
# C  [cyjagent.dll+0xc734]
#
# No core dump will be written. Minidumps are not enabled by default on client versions of Windows
#
# If you would like to submit a bug report, please visit:
#   https://github.com/corretto/corretto-jdk/issues/
# The crash happened outside the Java Virtual Machine in native code.
# See problematic frame for where to report the bug.
#

---------------  S U M M A R Y ------------

Command Line: -javaagent:C:\Program Files\JetBrains\IntelliJ IDEA Community Edition 2024.2.0.2\lib\idea_rt.jar=61192:C:\Program Files\JetBrains\IntelliJ IDEA Community Edition 2024.2.0.2\bin -Dfile.encoding=UTF-8 -agentpath:C:\Program Files\Palo Alto Networks\Traps\cyjagent.dll Main

Host: 11th Gen Intel(R) Core(TM) i7-11850H @ 2.50GHz, 16 cores, 31G,  Windows 10 , 64 bit Build 22621 (10.0.22621.3235)
Time: Fri Jan 17 12:37:34 2025 Pacific Standard Time elapsed time: 0.196629 seconds (0d 0h 0m 0s)

---------------  T H R E A D  ---------------

Current thread (0x000001c6bb5accd0):  JavaThread "Monitor Ctrl-Break" daemon [_thread_in_native, id=12632, stack(0x0000001761d00000,0x0000001761e00000)]

Stack: [0x0000001761d00000,0x0000001761e00000],  sp=0x0000001761dfe5d0,  free space=1017k
Native frames: (J=compiled Java code, j=interpreted, Vv=VM code, C=native code)
C  [cyjagent.dll+0xc734]

Java frames: (J=compiled Java code, j=interpreted, Vv=VM code)
j  sun.net.spi.DefaultProxySelector.select(Ljava/net/URI;)Ljava/util/List;+216 java.base@16.0.2
j  java.net.SocksSocketImpl.connect(Ljava/net/SocketAddress;I)V+306 java.base@16.0.2
j  java.net.Socket.connect(Ljava/net/SocketAddress;I)V+165 java.base@16.0.2
j  java.net.Socket.connect(Ljava/net/SocketAddress;)V+3 java.base@16.0.2
j  java.net.Socket.<init>(Ljava/net/SocketAddress;Ljava/net/SocketAddress;Z)V+77 java.base@16.0.2
j  java.net.Socket.<init>(Ljava/lang/String;I)V+34 java.base@16.0.2
j  com.intellij.rt.execution.application.AppMainV2$1.run()V+10
v  ~StubRoutines::call_stub

siginfo: EXCEPTION_ACCESS_VIOLATION (0xc0000005), reading address 0x0000000000000000


Register to memory mapping:

RIP=0x00007ffa0d8bc734 cyjagent.dll
RAX=0x0 is NULL
RBX=0x000001c6bb5acfe0 points into unknown readable memory: 0x00007ff99e379050 | 50 90 37 9e f9 7f 00 00
RCX=0x0 is NULL
RDX=0x000001c68b094e20 points into unknown readable memory: 0x000001c6bb5accd0 | d0 cc 5a bb c6 01 00 00
RSP=0x0000001761dfe5d0 is pointing into the stack for thread: 0x000001c6bb5accd0
RBP=0x000001c68cddf8d0 points into unknown readable memory: 0x000001c68cd4d460 | 60 d4 d4 8c c6 01 00 00
RSI=0x0 is NULL
RDI=0x000001c6bb692f20 points into unknown readable memory: 0x2f74656e2f6e7573 | 73 75 6e 2f 6e 65 74 2f
R8 =0x0000001761dfe448 is pointing into the stack for thread: 0x000001c6bb5accd0
R9 =0x0 is NULL
R10=0x0 is NULL
R11=0x0000000000000246 is an unknown value
R12=0x0 is NULL
R13=0x000001c6bb4a23f0 points into unknown readable memory: 0x0000000000000002 | 02 00 00 00 00 00 00 00
R14=0x0000001761dfe7c0 is pointing into the stack for thread: 0x000001c6bb5accd0
R15=0x0 is NULL


Registers:
RAX=0x0000000000000000, RBX=0x000001c6bb5acfe0, RCX=0x0000000000000000, RDX=0x000001c68b094e20
RSP=0x0000001761dfe5d0, RBP=0x000001c68cddf8d0, RSI=0x0000000000000000, RDI=0x000001c6bb692f20
R8 =0x0000001761dfe448, R9 =0x0000000000000000, R10=0x0000000000000000, R11=0x0000000000000246
R12=0x0000000000000000, R13=0x000001c6bb4a23f0, R14=0x0000001761dfe7c0, R15=0x0000000000000000
RIP=0x00007ffa0d8bc734, EFLAGS=0x0000000000010202

Top of Stack: (sp=0x0000001761dfe5d0)
0x0000001761dfe5d0:   000001c6bb5acfe0 000001c6bb692f20
0x0000001761dfe5e0:   0000000000000000 00007ff99dca31b7
0x0000001761dfe5f0:   0000000000000000 0000000000000000
0x0000001761dfe600:   000001c6bacbc170 000001c68cddf8d0
0x0000001761dfe610:   0000000000000022 000001c6bb5b1140
0x0000001761dfe620:   000001c68b093300 0000000000000000
0x0000001761dfe630:   0000000000000000 00007ff99ddb363a
0x0000001761dfe640:   000001c68b093300 000001c6bb5accd0
0x0000001761dfe650:   000001c6bb692f20 0000000000000000
0x0000001761dfe660:   000001c6bb692f20 0000000000000000
0x0000001761dfe670:   0000000000000f03 000001c6bb691fe0
0x0000001761dfe680:   0000001761dfe768 0000001761dfe698
0x0000001761dfe690:   000001c600000000 0000000000000000
0x0000001761dfe6a0:   000001c6bb4a23f0 000001c6bb691fd0
0x0000001761dfe6b0:   000001c6bb692f50 000001c6bb699fb8
0x0000001761dfe6c0:   00000000000083b0 000001c6bb5accd0 

Instructions: (pc=0x00007ffa0d8bc734)
0x00007ffa0d8bc634:   00 00 03 72 2d 44 8b ce 48 8d 05 dd da 01 00 ba
0x00007ffa0d8bc644:   2f 00 00 00 4e 8b 0c c8 48 8b 89 50 03 00 00 4c
0x00007ffa0d8bc654:   8d 05 f6 d9 01 00 e8 e1 4a ff ff 48 8b 0d 7a 33
0x00007ffa0d8bc664:   02 00 48 3b cb 74 68 f6 81 5c 03 00 00 10 74 5f
0x00007ffa0d8bc674:   80 b9 59 03 00 00 02 72 56 4c 8b 8c 24 90 00 00
0x00007ffa0d8bc684:   00 4c 8d 05 c4 d9 01 00 48 8b 89 50 03 00 00 ba
0x00007ffa0d8bc694:   31 00 00 00 e8 a3 4a ff ff eb 34 49 8b 0f 4c 8b
0x00007ffa0d8bc6a4:   c3 48 8b d6 e8 f3 63 00 00 48 8b 84 24 b0 00 00
0x00007ffa0d8bc6b4:   00 89 18 48 8b 0d 1a 47 02 00 4c 8b c6 33 d2 ff
0x00007ffa0d8bc6c4:   15 2f 4b 01 00 eb 08 a8 02 75 04 c6 47 40 01 b8
0x00007ffa0d8bc6d4:   ff ff ff ff f0 0f c1 47 10 4c 8b b4 24 88 00 00
0x00007ffa0d8bc6e4:   00 83 f8 01 75 42 48 8b 4f 18 48 81 c1 70 01 00
0x00007ffa0d8bc6f4:   00 ff 15 c5 4b 01 00 48 8b 0f 48 8b 47 08 48 89
0x00007ffa0d8bc704:   08 48 89 41 08 48 8b 4f 18 48 81 c1 70 01 00 00
0x00007ffa0d8bc714:   ff 15 ae 4b 01 00 48 8b 0d b7 46 02 00 4c 8b c7
0x00007ffa0d8bc724:   33 d2 ff 15 cc 4a 01 00 48 8b 4d 20 48 8b 55 10
0x00007ffa0d8bc734:   48 8b 01 48 8b 80 08 01 00 00 ff 15 b4 4b 01 00
0x00007ffa0d8bc744:   85 c0 74 40 48 8b 0d 91 32 02 00 48 8d 15 8a 32
0x00007ffa0d8bc754:   02 00 48 3b ca 74 2d f6 81 5c 03 00 00 10 74 24
0x00007ffa0d8bc764:   80 b9 59 03 00 00 03 72 1b 48 8b 89 50 03 00 00
0x00007ffa0d8bc774:   4c 8d 05 d5 d8 01 00 ba 15 00 00 00 44 8b c8 e8
0x00007ffa0d8bc784:   f8 48 ff ff 48 8b 6c 24 78 48 8b b4 24 80 00 00
0x00007ffa0d8bc794:   00 48 83 c4 50 41 5f 5f 5b c3 cc cc 40 57 48 83
0x00007ffa0d8bc7a4:   ec 30 f6 81 78 01 00 00 04 48 8b f9 0f 85 87 02
0x00007ffa0d8bc7b4:   00 00 48 89 5c 24 40 45 33 c9 48 89 6c 24 48 33
0x00007ffa0d8bc7c4:   d2 48 89 74 24 50 48 8b 71 20 45 8d 41 32 48 8b
0x00007ffa0d8bc7d4:   ce 48 8b 06 48 8b 40 08 ff 15 16 4b 01 00 48 8d
0x00007ffa0d8bc7e4:   2d f7 31 02 00 85 c0 74 37 48 8b 0d ec 31 02 00
0x00007ffa0d8bc7f4:   48 3b cd 74 2b f6 81 5c 03 00 00 10 74 22 80 b9
0x00007ffa0d8bc804:   59 03 00 00 02 72 19 48 8b 89 50 03 00 00 ba 11
0x00007ffa0d8bc814:   00 00 00 89 44 24 20 44 8d 4a 21 e8 7c dc ff ff
0x00007ffa0d8bc824:   48 8b 06 45 33 c9 33 d2 48 8b ce 48 8b 40 08 45 


Stack slot to memory mapping:
stack at sp + 0 slots: 0x000001c6bb5acfe0 points into unknown readable memory: 0x00007ff99e379050 | 50 90 37 9e f9 7f 00 00
stack at sp + 1 slots: 0x000001c6bb692f20 points into unknown readable memory: 0x2f74656e2f6e7573 | 73 75 6e 2f 6e 65 74 2f
stack at sp + 2 slots: 0x0 is NULL
stack at sp + 3 slots: 0x00007ff99dca31b7 jvm.dll
stack at sp + 4 slots: 0x0 is NULL
stack at sp + 5 slots: 0x0 is NULL
stack at sp + 6 slots: 0x000001c6bacbc170 points into unknown readable memory: 0x75730022ae22ffff | ff ff 22 ae 22 00 73 75
stack at sp + 7 slots: 0x000001c68cddf8d0 points into unknown readable memory: 0x000001c68cd4d460 | 60 d4 d4 8c c6 01 00 00


---------------  P R O C E S S  ---------------

Threads class SMR info:
_java_thread_list=0x000001c6bad8d2d0, length=16, elements={
0x000001c6bad364f0, 0x000001c6bad38310, 0x000001c6bad46f30, 0x000001c6bad49b40,
0x000001c6bad4af50, 0x000001c6bad4bd50, 0x000001c6bad46390, 0x000001c6bad60090,
0x000001c6bad61af0, 0x000001c6bb4061d0, 0x000001c6bb406930, 0x000001c6bb4585d0,
0x000001c6bb458be0, 0x000001c6bb4b0b90, 0x000001c6bb5accd0, 0x000001c6bb5ada70
}

Java Threads: ( => current thread )
  0x000001c6bad364f0 JavaThread "Reference Handler" daemon [_thread_blocked, id=10144, stack(0x0000001760f00000,0x0000001761000000)]
  0x000001c6bad38310 JavaThread "Finalizer" daemon [_thread_blocked, id=27236, stack(0x0000001761000000,0x0000001761100000)]
  0x000001c6bad46f30 JavaThread "Signal Dispatcher" daemon [_thread_blocked, id=3120, stack(0x0000001761100000,0x0000001761200000)]
  0x000001c6bad49b40 JavaThread "Attach Listener" daemon [_thread_blocked, id=27660, stack(0x0000001761200000,0x0000001761300000)]
  0x000001c6bad4af50 JavaThread "Service Thread" daemon [_thread_blocked, id=34248, stack(0x0000001761300000,0x0000001761400000)]
  0x000001c6bad4bd50 JavaThread "Monitor Deflation Thread" daemon [_thread_blocked, id=34600, stack(0x0000001761400000,0x0000001761500000)]
  0x000001c6bad46390 JavaThread "C2 CompilerThread0" daemon [_thread_blocked, id=10980, stack(0x0000001761500000,0x0000001761600000)]
  0x000001c6bad60090 JavaThread "C1 CompilerThread0" daemon [_thread_blocked, id=9620, stack(0x0000001761600000,0x0000001761700000)]
  0x000001c6bad61af0 JavaThread "Sweeper thread" daemon [_thread_blocked, id=32840, stack(0x0000001761700000,0x0000001761800000)]
  0x000001c6bb4061d0 JavaThread "Common-Cleaner" daemon [_thread_blocked, id=32120, stack(0x0000001761800000,0x0000001761900000)]
  0x000001c6bb406930 JavaThread "C1 CompilerThread1" daemon [_thread_blocked, id=17856, stack(0x0000001761900000,0x0000001761a00000)]
  0x000001c6bb4585d0 JavaThread "C1 CompilerThread2" daemon [_thread_blocked, id=17176, stack(0x0000001761a00000,0x0000001761b00000)]
  0x000001c6bb458be0 JavaThread "C1 CompilerThread3" daemon [_thread_blocked, id=4088, stack(0x0000001761b00000,0x0000001761c00000)]
  0x000001c6bb4b0b90 JavaThread "C2 CompilerThread1" daemon [_thread_blocked, id=19780, stack(0x0000001761c00000,0x0000001761d00000)]
=>0x000001c6bb5accd0 JavaThread "Monitor Ctrl-Break" daemon [_thread_in_native, id=12632, stack(0x0000001761d00000,0x0000001761e00000)]
  0x000001c6bb5ada70 JavaThread "Notification Thread" daemon [_thread_blocked, id=2824, stack(0x0000001761e00000,0x0000001761f00000)]

Other Threads:
  0x000001c6bad33a10 VMThread "VM Thread" [stack: 0x0000001760e00000,0x0000001760f00000] [id=28236] _threads_hazard_ptr=0x000001c6bad8d2d0
  0x000001c68b1176e0 GCTaskThread "GC Thread#0" [stack: 0x0000001760900000,0x0000001760a00000] [id=18988]
  0x000001c68b129500 ConcurrentGCThread "G1 Main Marker" terminated
  0x000001c68b12af80 ConcurrentGCThread "G1 Conc#0" [stack: 0x0000001760b00000,0x0000001760c00000] [id=29136]
  0x000001c68b14ec70 ConcurrentGCThread "G1 Refine#0" terminated
  0x000001c6bac5fde0 ConcurrentGCThread "G1 Service" terminated

Threads with active compile tasks:

VM state: at safepoint (normal execution)

VM Mutex/Monitor currently owned by a thread:  ([mutex/lock_event])
[0x000001c68b0a07c0] Threads_lock - owner thread: 0x000001c6bad33a10
[0x000001c68b0a0cd0] Heap_lock - owner thread: 0x000001c68b093c90

Heap address: 0x0000000604400000, size: 8124 MB, Compressed Oops mode: Zero based, Oop shift amount: 3

CDS archive(s) mapped at: [0x0000000800000000-0x0000000800be0000-0x0000000800be0000), size 12451840, SharedBaseAddress: 0x0000000800000000, ArchiveRelocationMode: 0.
Compressed class space mapped at: 0x0000000800c00000-0x0000000840c00000, reserved size: 1073741824
Narrow klass base: 0x0000000800000000, Narrow klass shift: 3, Narrow klass range: 0x100000000

GC Precious Log:
 CPUs: 16 total, 16 available
 Memory: 32491M
 Large Page Support: Disabled
 NUMA Support: Disabled
 Compressed Oops: Enabled (Zero based)
 Heap Region Size: 4M
 Heap Min Capacity: 8M
 Heap Initial Capacity: 508M
 Heap Max Capacity: 8124M
 Pre-touch: Disabled
 Parallel Workers: 13
 Concurrent Workers: 3
 Concurrent Refinement Workers: 13
 Periodic GC: Disabled

Heap:
 garbage-first heap   total 520192K, used 4096K [0x0000000604400000, 0x0000000800000000)
  region size 4096K, 2 young (8192K), 0 survivors (0K)
 Metaspace       used 934K, committed 1088K, reserved 1056768K
  class space    used 59K, committed 128K, reserved 1048576K

Heap Regions: E=young(eden), S=young(survivor), O=old, HS=humongous(starts), HC=humongous(continues), CS=collection set, F=free, OA=open archive, CA=closed archive, TAMS=top-at-mark-start (previous, next)
|   0|0x0000000604400000, 0x0000000604400000, 0x0000000604800000|  0%| F|  |TAMS 0x0000000604400000, 0x0000000604400000| Untracked 
|   1|0x0000000604800000, 0x0000000604800000, 0x0000000604c00000|  0%| F|  |TAMS 0x0000000604800000, 0x0000000604800000| Untracked 
|   2|0x0000000604c00000, 0x0000000604c00000, 0x0000000605000000|  0%| F|  |TAMS 0x0000000604c00000, 0x0000000604c00000| Untracked 
|   3|0x0000000605000000, 0x0000000605000000, 0x0000000605400000|  0%| F|  |TAMS 0x0000000605000000, 0x0000000605000000| Untracked 
|   4|0x0000000605400000, 0x0000000605400000, 0x0000000605800000|  0%| F|  |TAMS 0x0000000605400000, 0x0000000605400000| Untracked 
|   5|0x0000000605800000, 0x0000000605800000, 0x0000000605c00000|  0%| F|  |TAMS 0x0000000605800000, 0x0000000605800000| Untracked 
|   6|0x0000000605c00000, 0x0000000605c00000, 0x0000000606000000|  0%| F|  |TAMS 0x0000000605c00000, 0x0000000605c00000| Untracked 
|   7|0x0000000606000000, 0x0000000606000000, 0x0000000606400000|  0%| F|  |TAMS 0x0000000606000000, 0x0000000606000000| Untracked 
|   8|0x0000000606400000, 0x0000000606400000, 0x0000000606800000|  0%| F|  |TAMS 0x0000000606400000, 0x0000000606400000| Untracked 
|   9|0x0000000606800000, 0x0000000606800000, 0x0000000606c00000|  0%| F|  |TAMS 0x0000000606800000, 0x0000000606800000| Untracked 
|  10|0x0000000606c00000, 0x0000000606c00000, 0x0000000607000000|  0%| F|  |TAMS 0x0000000606c00000, 0x0000000606c00000| Untracked 
|  11|0x0000000607000000, 0x0000000607000000, 0x0000000607400000|  0%| F|  |TAMS 0x0000000607000000, 0x0000000607000000| Untracked 
|  12|0x0000000607400000, 0x0000000607400000, 0x0000000607800000|  0%| F|  |TAMS 0x0000000607400000, 0x0000000607400000| Untracked 
|  13|0x0000000607800000, 0x0000000607800000, 0x0000000607c00000|  0%| F|  |TAMS 0x0000000607800000, 0x0000000607800000| Untracked 
|  14|0x0000000607c00000, 0x0000000607c00000, 0x0000000608000000|  0%| F|  |TAMS 0x0000000607c00000, 0x0000000607c00000| Untracked 
|  15|0x0000000608000000, 0x0000000608000000, 0x0000000608400000|  0%| F|  |TAMS 0x0000000608000000, 0x0000000608000000| Untracked 
|  16|0x0000000608400000, 0x0000000608400000, 0x0000000608800000|  0%| F|  |TAMS 0x0000000608400000, 0x0000000608400000| Untracked 
|  17|0x0000000608800000, 0x0000000608800000, 0x0000000608c00000|  0%| F|  |TAMS 0x0000000608800000, 0x0000000608800000| Untracked 
|  18|0x0000000608c00000, 0x0000000608c00000, 0x0000000609000000|  0%| F|  |TAMS 0x0000000608c00000, 0x0000000608c00000| Untracked 
|  19|0x0000000609000000, 0x0000000609000000, 0x0000000609400000|  0%| F|  |TAMS 0x0000000609000000, 0x0000000609000000| Untracked 
|  20|0x0000000609400000, 0x0000000609400000, 0x0000000609800000|  0%| F|  |TAMS 0x0000000609400000, 0x0000000609400000| Untracked 
|  21|0x0000000609800000, 0x0000000609800000, 0x0000000609c00000|  0%| F|  |TAMS 0x0000000609800000, 0x0000000609800000| Untracked 
|  22|0x0000000609c00000, 0x0000000609c00000, 0x000000060a000000|  0%| F|  |TAMS 0x0000000609c00000, 0x0000000609c00000| Untracked 
|  23|0x000000060a000000, 0x000000060a000000, 0x000000060a400000|  0%| F|  |TAMS 0x000000060a000000, 0x000000060a000000| Untracked 
|  24|0x000000060a400000, 0x000000060a400000, 0x000000060a800000|  0%| F|  |TAMS 0x000000060a400000, 0x000000060a400000| Untracked 
|  25|0x000000060a800000, 0x000000060a800000, 0x000000060ac00000|  0%| F|  |TAMS 0x000000060a800000, 0x000000060a800000| Untracked 
|  26|0x000000060ac00000, 0x000000060ac00000, 0x000000060b000000|  0%| F|  |TAMS 0x000000060ac00000, 0x000000060ac00000| Untracked 
|  27|0x000000060b000000, 0x000000060b000000, 0x000000060b400000|  0%| F|  |TAMS 0x000000060b000000, 0x000000060b000000| Untracked 
|  28|0x000000060b400000, 0x000000060b400000, 0x000000060b800000|  0%| F|  |TAMS 0x000000060b400000, 0x000000060b400000| Untracked 
|  29|0x000000060b800000, 0x000000060b800000, 0x000000060bc00000|  0%| F|  |TAMS 0x000000060b800000, 0x000000060b800000| Untracked 
|  30|0x000000060bc00000, 0x000000060bc00000, 0x000000060c000000|  0%| F|  |TAMS 0x000000060bc00000, 0x000000060bc00000| Untracked 
|  31|0x000000060c000000, 0x000000060c000000, 0x000000060c400000|  0%| F|  |TAMS 0x000000060c000000, 0x000000060c000000| Untracked 
|  32|0x000000060c400000, 0x000000060c400000, 0x000000060c800000|  0%| F|  |TAMS 0x000000060c400000, 0x000000060c400000| Untracked 
|  33|0x000000060c800000, 0x000000060c800000, 0x000000060cc00000|  0%| F|  |TAMS 0x000000060c800000, 0x000000060c800000| Untracked 
|  34|0x000000060cc00000, 0x000000060cc00000, 0x000000060d000000|  0%| F|  |TAMS 0x000000060cc00000, 0x000000060cc00000| Untracked 
|  35|0x000000060d000000, 0x000000060d000000, 0x000000060d400000|  0%| F|  |TAMS 0x000000060d000000, 0x000000060d000000| Untracked 
|  36|0x000000060d400000, 0x000000060d400000, 0x000000060d800000|  0%| F|  |TAMS 0x000000060d400000, 0x000000060d400000| Untracked 
|  37|0x000000060d800000, 0x000000060d800000, 0x000000060dc00000|  0%| F|  |TAMS 0x000000060d800000, 0x000000060d800000| Untracked 
|  38|0x000000060dc00000, 0x000000060dc00000, 0x000000060e000000|  0%| F|  |TAMS 0x000000060dc00000, 0x000000060dc00000| Untracked 
|  39|0x000000060e000000, 0x000000060e000000, 0x000000060e400000|  0%| F|  |TAMS 0x000000060e000000, 0x000000060e000000| Untracked 
|  40|0x000000060e400000, 0x000000060e400000, 0x000000060e800000|  0%| F|  |TAMS 0x000000060e400000, 0x000000060e400000| Untracked 
|  41|0x000000060e800000, 0x000000060e800000, 0x000000060ec00000|  0%| F|  |TAMS 0x000000060e800000, 0x000000060e800000| Untracked 
|  42|0x000000060ec00000, 0x000000060ec00000, 0x000000060f000000|  0%| F|  |TAMS 0x000000060ec00000, 0x000000060ec00000| Untracked 
|  43|0x000000060f000000, 0x000000060f000000, 0x000000060f400000|  0%| F|  |TAMS 0x000000060f000000, 0x000000060f000000| Untracked 
|  44|0x000000060f400000, 0x000000060f400000, 0x000000060f800000|  0%| F|  |TAMS 0x000000060f400000, 0x000000060f400000| Untracked 
|  45|0x000000060f800000, 0x000000060f800000, 0x000000060fc00000|  0%| F|  |TAMS 0x000000060f800000, 0x000000060f800000| Untracked 
|  46|0x000000060fc00000, 0x000000060fc00000, 0x0000000610000000|  0%| F|  |TAMS 0x000000060fc00000, 0x000000060fc00000| Untracked 
|  47|0x0000000610000000, 0x0000000610000000, 0x0000000610400000|  0%| F|  |TAMS 0x0000000610000000, 0x0000000610000000| Untracked 
|  48|0x0000000610400000, 0x0000000610400000, 0x0000000610800000|  0%| F|  |TAMS 0x0000000610400000, 0x0000000610400000| Untracked 
|  49|0x0000000610800000, 0x0000000610800000, 0x0000000610c00000|  0%| F|  |TAMS 0x0000000610800000, 0x0000000610800000| Untracked 
|  50|0x0000000610c00000, 0x0000000610c00000, 0x0000000611000000|  0%| F|  |TAMS 0x0000000610c00000, 0x0000000610c00000| Untracked 
|  51|0x0000000611000000, 0x0000000611000000, 0x0000000611400000|  0%| F|  |TAMS 0x0000000611000000, 0x0000000611000000| Untracked 
|  52|0x0000000611400000, 0x0000000611400000, 0x0000000611800000|  0%| F|  |TAMS 0x0000000611400000, 0x0000000611400000| Untracked 
|  53|0x0000000611800000, 0x0000000611800000, 0x0000000611c00000|  0%| F|  |TAMS 0x0000000611800000, 0x0000000611800000| Untracked 
|  54|0x0000000611c00000, 0x0000000611c00000, 0x0000000612000000|  0%| F|  |TAMS 0x0000000611c00000, 0x0000000611c00000| Untracked 
|  55|0x0000000612000000, 0x0000000612000000, 0x0000000612400000|  0%| F|  |TAMS 0x0000000612000000, 0x0000000612000000| Untracked 
|  56|0x0000000612400000, 0x0000000612400000, 0x0000000612800000|  0%| F|  |TAMS 0x0000000612400000, 0x0000000612400000| Untracked 
|  57|0x0000000612800000, 0x0000000612800000, 0x0000000612c00000|  0%| F|  |TAMS 0x0000000612800000, 0x0000000612800000| Untracked 
|  58|0x0000000612c00000, 0x0000000612c00000, 0x0000000613000000|  0%| F|  |TAMS 0x0000000612c00000, 0x0000000612c00000| Untracked 
|  59|0x0000000613000000, 0x0000000613000000, 0x0000000613400000|  0%| F|  |TAMS 0x0000000613000000, 0x0000000613000000| Untracked 
|  60|0x0000000613400000, 0x0000000613400000, 0x0000000613800000|  0%| F|  |TAMS 0x0000000613400000, 0x0000000613400000| Untracked 
|  61|0x0000000613800000, 0x0000000613800000, 0x0000000613c00000|  0%| F|  |TAMS 0x0000000613800000, 0x0000000613800000| Untracked 
|  62|0x0000000613c00000, 0x0000000613c00000, 0x0000000614000000|  0%| F|  |TAMS 0x0000000613c00000, 0x0000000613c00000| Untracked 
|  63|0x0000000614000000, 0x0000000614000000, 0x0000000614400000|  0%| F|  |TAMS 0x0000000614000000, 0x0000000614000000| Untracked 
|  64|0x0000000614400000, 0x0000000614400000, 0x0000000614800000|  0%| F|  |TAMS 0x0000000614400000, 0x0000000614400000| Untracked 
|  65|0x0000000614800000, 0x0000000614800000, 0x0000000614c00000|  0%| F|  |TAMS 0x0000000614800000, 0x0000000614800000| Untracked 
|  66|0x0000000614c00000, 0x0000000614c00000, 0x0000000615000000|  0%| F|  |TAMS 0x0000000614c00000, 0x0000000614c00000| Untracked 
|  67|0x0000000615000000, 0x0000000615000000, 0x0000000615400000|  0%| F|  |TAMS 0x0000000615000000, 0x0000000615000000| Untracked 
|  68|0x0000000615400000, 0x0000000615400000, 0x0000000615800000|  0%| F|  |TAMS 0x0000000615400000, 0x0000000615400000| Untracked 
|  69|0x0000000615800000, 0x0000000615800000, 0x0000000615c00000|  0%| F|  |TAMS 0x0000000615800000, 0x0000000615800000| Untracked 
|  70|0x0000000615c00000, 0x0000000615c00000, 0x0000000616000000|  0%| F|  |TAMS 0x0000000615c00000, 0x0000000615c00000| Untracked 
|  71|0x0000000616000000, 0x0000000616000000, 0x0000000616400000|  0%| F|  |TAMS 0x0000000616000000, 0x0000000616000000| Untracked 
|  72|0x0000000616400000, 0x0000000616400000, 0x0000000616800000|  0%| F|  |TAMS 0x0000000616400000, 0x0000000616400000| Untracked 
|  73|0x0000000616800000, 0x0000000616800000, 0x0000000616c00000|  0%| F|  |TAMS 0x0000000616800000, 0x0000000616800000| Untracked 
|  74|0x0000000616c00000, 0x0000000616c00000, 0x0000000617000000|  0%| F|  |TAMS 0x0000000616c00000, 0x0000000616c00000| Untracked 
|  75|0x0000000617000000, 0x0000000617000000, 0x0000000617400000|  0%| F|  |TAMS 0x0000000617000000, 0x0000000617000000| Untracked 
|  76|0x0000000617400000, 0x0000000617400000, 0x0000000617800000|  0%| F|  |TAMS 0x0000000617400000, 0x0000000617400000| Untracked 
|  77|0x0000000617800000, 0x0000000617800000, 0x0000000617c00000|  0%| F|  |TAMS 0x0000000617800000, 0x0000000617800000| Untracked 
|  78|0x0000000617c00000, 0x0000000617c00000, 0x0000000618000000|  0%| F|  |TAMS 0x0000000617c00000, 0x0000000617c00000| Untracked 
|  79|0x0000000618000000, 0x0000000618000000, 0x0000000618400000|  0%| F|  |TAMS 0x0000000618000000, 0x0000000618000000| Untracked 
|  80|0x0000000618400000, 0x0000000618400000, 0x0000000618800000|  0%| F|  |TAMS 0x0000000618400000, 0x0000000618400000| Untracked 
|  81|0x0000000618800000, 0x0000000618800000, 0x0000000618c00000|  0%| F|  |TAMS 0x0000000618800000, 0x0000000618800000| Untracked 
|  82|0x0000000618c00000, 0x0000000618c00000, 0x0000000619000000|  0%| F|  |TAMS 0x0000000618c00000, 0x0000000618c00000| Untracked 
|  83|0x0000000619000000, 0x0000000619000000, 0x0000000619400000|  0%| F|  |TAMS 0x0000000619000000, 0x0000000619000000| Untracked 
|  84|0x0000000619400000, 0x0000000619400000, 0x0000000619800000|  0%| F|  |TAMS 0x0000000619400000, 0x0000000619400000| Untracked 
|  85|0x0000000619800000, 0x0000000619800000, 0x0000000619c00000|  0%| F|  |TAMS 0x0000000619800000, 0x0000000619800000| Untracked 
|  86|0x0000000619c00000, 0x0000000619c00000, 0x000000061a000000|  0%| F|  |TAMS 0x0000000619c00000, 0x0000000619c00000| Untracked 
|  87|0x000000061a000000, 0x000000061a000000, 0x000000061a400000|  0%| F|  |TAMS 0x000000061a000000, 0x000000061a000000| Untracked 
|  88|0x000000061a400000, 0x000000061a400000, 0x000000061a800000|  0%| F|  |TAMS 0x000000061a400000, 0x000000061a400000| Untracked 
|  89|0x000000061a800000, 0x000000061a800000, 0x000000061ac00000|  0%| F|  |TAMS 0x000000061a800000, 0x000000061a800000| Untracked 
|  90|0x000000061ac00000, 0x000000061ac00000, 0x000000061b000000|  0%| F|  |TAMS 0x000000061ac00000, 0x000000061ac00000| Untracked 
|  91|0x000000061b000000, 0x000000061b000000, 0x000000061b400000|  0%| F|  |TAMS 0x000000061b000000, 0x000000061b000000| Untracked 
|  92|0x000000061b400000, 0x000000061b400000, 0x000000061b800000|  0%| F|  |TAMS 0x000000061b400000, 0x000000061b400000| Untracked 
|  93|0x000000061b800000, 0x000000061b800000, 0x000000061bc00000|  0%| F|  |TAMS 0x000000061b800000, 0x000000061b800000| Untracked 
|  94|0x000000061bc00000, 0x000000061bc00000, 0x000000061c000000|  0%| F|  |TAMS 0x000000061bc00000, 0x000000061bc00000| Untracked 
|  95|0x000000061c000000, 0x000000061c000000, 0x000000061c400000|  0%| F|  |TAMS 0x000000061c000000, 0x000000061c000000| Untracked 
|  96|0x000000061c400000, 0x000000061c400000, 0x000000061c800000|  0%| F|  |TAMS 0x000000061c400000, 0x000000061c400000| Untracked 
|  97|0x000000061c800000, 0x000000061c800000, 0x000000061cc00000|  0%| F|  |TAMS 0x000000061c800000, 0x000000061c800000| Untracked 
|  98|0x000000061cc00000, 0x000000061cc00000, 0x000000061d000000|  0%| F|  |TAMS 0x000000061cc00000, 0x000000061cc00000| Untracked 
|  99|0x000000061d000000, 0x000000061d000000, 0x000000061d400000|  0%| F|  |TAMS 0x000000061d000000, 0x000000061d000000| Untracked 
| 100|0x000000061d400000, 0x000000061d400000, 0x000000061d800000|  0%| F|  |TAMS 0x000000061d400000, 0x000000061d400000| Untracked 
| 101|0x000000061d800000, 0x000000061d800000, 0x000000061dc00000|  0%| F|  |TAMS 0x000000061d800000, 0x000000061d800000| Untracked 
| 102|0x000000061dc00000, 0x000000061dc00000, 0x000000061e000000|  0%| F|  |TAMS 0x000000061dc00000, 0x000000061dc00000| Untracked 
| 103|0x000000061e000000, 0x000000061e000000, 0x000000061e400000|  0%| F|  |TAMS 0x000000061e000000, 0x000000061e000000| Untracked 
| 104|0x000000061e400000, 0x000000061e400000, 0x000000061e800000|  0%| F|  |TAMS 0x000000061e400000, 0x000000061e400000| Untracked 
| 105|0x000000061e800000, 0x000000061e800000, 0x000000061ec00000|  0%| F|  |TAMS 0x000000061e800000, 0x000000061e800000| Untracked 
| 106|0x000000061ec00000, 0x000000061ec00000, 0x000000061f000000|  0%| F|  |TAMS 0x000000061ec00000, 0x000000061ec00000| Untracked 
| 107|0x000000061f000000, 0x000000061f000000, 0x000000061f400000|  0%| F|  |TAMS 0x000000061f000000, 0x000000061f000000| Untracked 
| 108|0x000000061f400000, 0x000000061f400000, 0x000000061f800000|  0%| F|  |TAMS 0x000000061f400000, 0x000000061f400000| Untracked 
| 109|0x000000061f800000, 0x000000061f800000, 0x000000061fc00000|  0%| F|  |TAMS 0x000000061f800000, 0x000000061f800000| Untracked 
| 110|0x000000061fc00000, 0x000000061fc00000, 0x0000000620000000|  0%| F|  |TAMS 0x000000061fc00000, 0x000000061fc00000| Untracked 
| 111|0x0000000620000000, 0x0000000620000000, 0x0000000620400000|  0%| F|  |TAMS 0x0000000620000000, 0x0000000620000000| Untracked 
| 112|0x0000000620400000, 0x0000000620400000, 0x0000000620800000|  0%| F|  |TAMS 0x0000000620400000, 0x0000000620400000| Untracked 
| 113|0x0000000620800000, 0x0000000620800000, 0x0000000620c00000|  0%| F|  |TAMS 0x0000000620800000, 0x0000000620800000| Untracked 
| 114|0x0000000620c00000, 0x0000000620c00000, 0x0000000621000000|  0%| F|  |TAMS 0x0000000620c00000, 0x0000000620c00000| Untracked 
| 115|0x0000000621000000, 0x0000000621000000, 0x0000000621400000|  0%| F|  |TAMS 0x0000000621000000, 0x0000000621000000| Untracked 
| 116|0x0000000621400000, 0x0000000621400000, 0x0000000621800000|  0%| F|  |TAMS 0x0000000621400000, 0x0000000621400000| Untracked 
| 117|0x0000000621800000, 0x0000000621800000, 0x0000000621c00000|  0%| F|  |TAMS 0x0000000621800000, 0x0000000621800000| Untracked 
| 118|0x0000000621c00000, 0x0000000621c00000, 0x0000000622000000|  0%| F|  |TAMS 0x0000000621c00000, 0x0000000621c00000| Untracked 
| 119|0x0000000622000000, 0x0000000622000000, 0x0000000622400000|  0%| F|  |TAMS 0x0000000622000000, 0x0000000622000000| Untracked 
| 120|0x0000000622400000, 0x0000000622400000, 0x0000000622800000|  0%| F|  |TAMS 0x0000000622400000, 0x0000000622400000| Untracked 
| 121|0x0000000622800000, 0x0000000622800000, 0x0000000622c00000|  0%| F|  |TAMS 0x0000000622800000, 0x0000000622800000| Untracked 
| 122|0x0000000622c00000, 0x0000000622c00000, 0x0000000623000000|  0%| F|  |TAMS 0x0000000622c00000, 0x0000000622c00000| Untracked 
| 123|0x0000000623000000, 0x0000000623000000, 0x0000000623400000|  0%| F|  |TAMS 0x0000000623000000, 0x0000000623000000| Untracked 
| 124|0x0000000623400000, 0x0000000623400000, 0x0000000623800000|  0%| F|  |TAMS 0x0000000623400000, 0x0000000623400000| Untracked 
| 125|0x0000000623800000, 0x000000062387b780, 0x0000000623c00000| 12%| E|  |TAMS 0x0000000623800000, 0x0000000623800000| Complete 
| 126|0x0000000623c00000, 0x0000000624000000, 0x0000000624000000|100%| E|CS|TAMS 0x0000000623c00000, 0x0000000623c00000| Complete 

Card table byte_map: [0x000001c6a64a0000,0x000001c6a7480000] _byte_map_base: 0x000001c6a347e000

Marking Bits (Prev, Next): (CMBitMap*) 0x000001c68b117d50, (CMBitMap*) 0x000001c68b117d90
 Prev Bits: [0x000001c6a8460000, 0x000001c6b0350000)
 Next Bits: [0x000001c6b0350000, 0x000001c6b8240000)

Polling page: 0x000001c68afc0000

Metaspace:

Usage:
  Non-class:    874.92 KB used.
      Class:     59.42 KB used.
       Both:    934.34 KB used.

Virtual space:
  Non-class space:        8.00 MB reserved,     960.00 KB ( 12%) committed,  1 nodes.
      Class space:        1.00 GB reserved,     128.00 KB ( <1%) committed,  1 nodes.
              Both:        1.01 GB reserved,       1.06 MB ( <1%) committed. 

Chunk freelists:
   Non-Class:  3.95 MB
       Class:  3.73 MB
        Both:  7.68 MB

MaxMetaspaceSize: 17179869184.00 GB
CompressedClassSpaceSize: 1.00 GB
 - commit_granule_bytes: 65536.
 - commit_granule_words: 8192.
 - virtual_space_node_default_size: 1048576.
 - enlarge_chunks_in_place: 1.
 - new_chunks_are_fully_committed: 0.
 - uncommit_free_chunks: 1.
 - use_allocation_guard: 0.
 - handle_deallocations: 1.


Internal statistics:

num_allocs_failed_limit: 0.
num_arena_births: 32.
num_arena_deaths: 0.
num_vsnodes_births: 2.
num_vsnodes_deaths: 0.
num_space_committed: 17.
num_space_uncommitted: 0.
num_chunks_returned_to_freelist: 0.
num_chunks_taken_from_freelist: 39.
num_chunk_merges: 0.
num_chunk_splits: 26.
num_chunks_enlarged: 14.
num_purges: 0.

CodeHeap 'non-profiled nmethods': size=119168Kb used=106Kb max_used=106Kb free=119062Kb
 bounds [0x000001c69d280000, 0x000001c69d4f0000, 0x000001c6a46e0000]
CodeHeap 'profiled nmethods': size=119104Kb used=375Kb max_used=375Kb free=118728Kb
 bounds [0x000001c695e30000, 0x000001c6960a0000, 0x000001c69d280000]
CodeHeap 'non-nmethods': size=7488Kb used=2832Kb max_used=2846Kb free=4655Kb
 bounds [0x000001c6956e0000, 0x000001c6959b0000, 0x000001c695e30000]
 total_blobs=719 nmethods=305 adapters=324
 compilation: enabled
              stopped_count=0, restarted_count=0
 full_count=0

Compilation events (20 events):
Event: 0.180 Thread 0x000001c6bb406930 nmethod 290 0x000001c695e81a90 code [0x000001c695e81ca0, 0x000001c695e82388]
Event: 0.180 Thread 0x000001c6bb458be0  294       3       java.lang.invoke.LambdaForm$NamedFunction::methodType (23 bytes)
Event: 0.180 Thread 0x000001c6bb406930  295       3       java.lang.invoke.MethodType::parameterSlotCount (8 bytes)
Event: 0.180 Thread 0x000001c6bb406930 nmethod 295 0x000001c695e82590 code [0x000001c695e82720, 0x000001c695e82858]
Event: 0.180 Thread 0x000001c6bb458be0 nmethod 294 0x000001c695e82910 code [0x000001c695e82ac0, 0x000001c695e82d28]
Event: 0.180 Thread 0x000001c6bb4585d0  297       3       jdk.internal.org.objectweb.asm.ByteVector::put12 (64 bytes)
Event: 0.180 Thread 0x000001c6bb406930  298       3       java.lang.invoke.LambdaForm$Name::useCount (42 bytes)
Event: 0.180 Thread 0x000001c6bad46390  299       4       java.lang.StringLatin1::charAt (28 bytes)
Event: 0.180 Thread 0x000001c6bb4585d0 nmethod 297 0x000001c695e82e10 code [0x000001c695e82fc0, 0x000001c695e83208]
Event: 0.180 Thread 0x000001c6bb406930 nmethod 298 0x000001c695e83390 code [0x000001c695e83540, 0x000001c695e83858]
Event: 0.180 Thread 0x000001c6bb4585d0  300       1       java.lang.invoke.MethodHandles$Lookup::lookupClass (5 bytes)
Event: 0.181 Thread 0x000001c6bb458be0  302       3       java.lang.invoke.MemberName::flagsMods (73 bytes)
Event: 0.181 Thread 0x000001c6bb406930  303       3       java.lang.invoke.MemberName::init (67 bytes)
Event: 0.181 Thread 0x000001c6bb4585d0 nmethod 300 0x000001c69d29a510 code [0x000001c69d29a6a0, 0x000001c69d29a778]
Event: 0.181 Thread 0x000001c6bad46390 nmethod 299 0x000001c69d29a210 code [0x000001c69d29a3a0, 0x000001c69d29a438]
Event: 0.181 Thread 0x000001c6bb458be0 nmethod 302 0x000001c695e8cf10 code [0x000001c695e8d0a0, 0x000001c695e8d1d8]
Event: 0.181 Thread 0x000001c6bb4585d0  305   !   3       java.lang.invoke.MemberName::clone (14 bytes)
Event: 0.181 Thread 0x000001c6bb406930 nmethod 303 0x000001c695e8d290 code [0x000001c695e8d440, 0x000001c695e8d698]
Event: 0.182 Thread 0x000001c6bad60090 nmethod 263 0x000001c695e83990 code [0x000001c695e848c0, 0x000001c695e8b318]
Event: 0.182 Thread 0x000001c6bb4585d0 nmethod 305 0x000001c695e8d710 code [0x000001c695e8d8e0, 0x000001c695e8dc58]

GC Heap History (0 events):
No events

Deoptimization events (0 events):
No events

Classes unloaded (0 events):
No events

Classes redefined (4 events):
Event: 0.155 Thread 0x000001c6bad33a10 redefined class name=java.io.FileOutputStream, count=1
Event: 0.157 Thread 0x000001c6bad33a10 redefined class name=java.nio.file.Files, count=1
Event: 0.159 Thread 0x000001c6bad33a10 redefined class name=java.io.File, count=1
Event: 0.160 Thread 0x000001c6bad33a10 redefined class name=java.net.URLStreamHandler, count=1

Internal exceptions (3 events):
Event: 0.167 Thread 0x000001c6bb5accd0 Exception <a 'java/lang/NoSuchMethodError'{0x0000000623e6f880}: 'java.lang.Object java.lang.invoke.DirectMethodHandle$Holder.invokeStatic(java.lang.Object)'> (0x0000000623e6f880) 
thrown [c:\wsjdk\correttojdksrc\installers\windows\zip\corretto-build\buildroot\src\hotspot\share\interpreter\linkResolver.cpp, line 790]
Event: 0.167 Thread 0x000001c6bb5accd0 Exception <a 'java/lang/NoSuchMethodError'{0x0000000623e73190}: 'java.lang.Object java.lang.invoke.DirectMethodHandle$Holder.invokeStaticInit(java.lang.Object)'> (0x0000000623e73190) 
thrown [c:\wsjdk\correttojdksrc\installers\windows\zip\corretto-build\buildroot\src\hotspot\share\interpreter\linkResolver.cpp, line 790]
Event: 0.180 Thread 0x000001c6bb5accd0 Exception <a 'java/lang/NoSuchMethodError'{0x0000000623e80e78}: 'void java.lang.invoke.DirectMethodHandle$Holder.invokeStatic(java.lang.Object, java.lang.Object)'> (0x0000000623e80e78) 
thrown [c:\wsjdk\correttojdksrc\installers\windows\zip\corretto-build\buildroot\src\hotspot\share\interpreter\linkResolver.cpp, line 790]

Events (20 events):
Event: 0.179 loading class java/net/StandardProtocolFamily
Event: 0.179 loading class java/net/StandardProtocolFamily done
Event: 0.181 loading class java/net/SocksSocketImpl$3
Event: 0.181 loading class java/net/SocksSocketImpl$3 done
Event: 0.181 loading class java/net/ProxySelector
Event: 0.181 loading class java/net/ProxySelector done
Event: 0.181 loading class sun/net/spi/DefaultProxySelector
Event: 0.182 loading class sun/net/spi/DefaultProxySelector done
Event: 0.182 loading class java/net/Proxy
Event: 0.182 loading class java/net/Proxy done
Event: 0.182 loading class java/net/Proxy$Type
Event: 0.182 loading class java/net/Proxy$Type done
Event: 0.182 Thread 0x000001c68b093c90 Thread exited: 0x000001c68b093c90
Event: 0.182 loading class sun/net/spi/DefaultProxySelector$1
Event: 0.182 loading class sun/net/spi/DefaultProxySelector$1 done
Event: 0.182 Thread 0x000001c68b093c90 Thread added: 0x000001c68b093c90
Event: 0.182 loading class sun/net/spi/DefaultProxySelector$NonProxyInfo
Event: 0.182 loading class sun/net/spi/DefaultProxySelector$NonProxyInfo done
Event: 0.182 loading class sun/net/spi/DefaultProxySelector$3
Event: 0.182 Thread 0x000001c68b093c90 Thread exited: 0x000001c68b093c90


Dynamic libraries:
0x00007ff7c69f0000 - 0x00007ff7c69fd000 	C:\Users\91114302\.jdks\corretto-16.0.2\bin\java.exe
0x00007ffa254b0000 - 0x00007ffa256c6000 	C:\WINDOWS\SYSTEM32\ntdll.dll
0x00007ffa251f0000 - 0x00007ffa252b4000 	C:\WINDOWS\System32\KERNEL32.DLL
0x00007ffa24e40000 - 0x00007ffa251e6000 	C:\WINDOWS\System32\KERNELBASE.dll
0x000000007f810000 - 0x000000007f84c000 	C:\WINDOWS\System32\cyinjct.dll
0x00007ffa1f310000 - 0x00007ffa1f319000 	C:\WINDOWS\System32\ntnativeapi.dll
0x00007ffa1b4d0000 - 0x00007ffa1b4e8000 	C:\Users\91114302\.jdks\corretto-16.0.2\bin\jli.dll
0x000001c68acd0000 - 0x000001c68ae7d000 	C:\WINDOWS\System32\USER32.dll
0x00007ffa229c0000 - 0x00007ffa229e6000 	C:\WINDOWS\System32\win32u.dll
0x00007ffa23930000 - 0x00007ffa23959000 	C:\WINDOWS\System32\GDI32.dll
0x00007ffa22a70000 - 0x00007ffa22b88000 	C:\WINDOWS\System32\gdi32full.dll
0x00007ffa22bc0000 - 0x00007ffa22c5a000 	C:\WINDOWS\System32\msvcp_win.dll
0x000001c68ae80000 - 0x000001c68af91000 	C:\WINDOWS\System32\ucrtbase.dll
0x00007ffa19520000 - 0x00007ffa19535000 	C:\Users\91114302\.jdks\corretto-16.0.2\bin\VCRUNTIME140.dll
0x00007ffa0dc70000 - 0x00007ffa0df03000 	C:\WINDOWS\WinSxS\amd64_microsoft.windows.common-controls_6595b64144ccf1df_6.0.22621.3235_none_270f74e173860f98\COMCTL32.dll
0x00007ffa24270000 - 0x00007ffa24317000 	C:\WINDOWS\System32\msvcrt.dll
0x00007ffa1b490000 - 0x00007ffa1b4ae000 	C:\WINDOWS\System32\cyvera.dll
0x00007ff9fe3b0000 - 0x00007ff9fe42e000 	C:\WINDOWS\System32\cyvrtrap.dll
0x00007ffa241d0000 - 0x00007ffa24201000 	C:\WINDOWS\System32\IMM32.DLL
0x00007ffa075b0000 - 0x00007ffa0764b000 	C:\Users\91114302\.jdks\corretto-16.0.2\bin\msvcp140.dll
0x00007ff99d8b0000 - 0x00007ff99e4b9000 	C:\Users\91114302\.jdks\corretto-16.0.2\bin\server\jvm.dll
0x00007ffa23ac0000 - 0x00007ffa23b72000 	C:\WINDOWS\System32\ADVAPI32.dll
0x00007ffa23d90000 - 0x00007ffa23e38000 	C:\WINDOWS\System32\sechost.dll
0x00007ffa22b90000 - 0x00007ffa22bb8000 	C:\WINDOWS\System32\bcrypt.dll
0x00007ffa24d20000 - 0x00007ffa24e35000 	C:\WINDOWS\System32\RPCRT4.dll
0x00007ffa24b80000 - 0x00007ffa24b88000 	C:\WINDOWS\System32\PSAPI.DLL
0x00007ffa02e50000 - 0x00007ffa02e59000 	C:\WINDOWS\SYSTEM32\WSOCK32.dll
0x00007ffa24320000 - 0x00007ffa24391000 	C:\WINDOWS\System32\WS2_32.dll
0x00007ffa19f60000 - 0x00007ffa19f94000 	C:\WINDOWS\SYSTEM32\WINMM.dll
0x00007ffa17110000 - 0x00007ffa1711a000 	C:\WINDOWS\SYSTEM32\VERSION.dll
0x00007ffa21710000 - 0x00007ffa21728000 	C:\WINDOWS\SYSTEM32\kernel.appcore.dll
0x00007ffa1d470000 - 0x00007ffa1d47a000 	C:\Users\91114302\.jdks\corretto-16.0.2\bin\jimage.dll
0x00007ffa1fd70000 - 0x00007ffa1ffa3000 	C:\WINDOWS\SYSTEM32\DBGHELP.DLL
0x00007ffa23e40000 - 0x00007ffa241c8000 	C:\WINDOWS\System32\combase.dll
0x00007ffa24aa0000 - 0x00007ffa24b77000 	C:\WINDOWS\System32\OLEAUT32.dll
0x00007ffa19160000 - 0x00007ffa19192000 	C:\WINDOWS\SYSTEM32\dbgcore.DLL
0x00007ffa229f0000 - 0x00007ffa22a6a000 	C:\WINDOWS\System32\bcryptPrimitives.dll
0x00007ffa1b4c0000 - 0x00007ffa1b4ce000 	C:\Users\91114302\.jdks\corretto-16.0.2\bin\instrument.dll
0x00007ffa08ea0000 - 0x00007ffa08ec5000 	C:\Users\91114302\.jdks\corretto-16.0.2\bin\java.dll
0x00007ffa0d8b0000 - 0x00007ffa0d8e7000 	C:\Program Files\Palo Alto Networks\Traps\cyjagent.dll
0x00007ffa230d0000 - 0x00007ffa2392d000 	C:\WINDOWS\System32\SHELL32.dll
0x00007ffa20440000 - 0x00007ffa20d38000 	C:\WINDOWS\SYSTEM32\windows.storage.dll
0x00007ffa202b0000 - 0x00007ffa203ee000 	C:\WINDOWS\SYSTEM32\wintypes.dll
0x00007ffa22fd0000 - 0x00007ffa230c3000 	C:\WINDOWS\System32\SHCORE.dll
0x00007ffa24210000 - 0x00007ffa2426e000 	C:\WINDOWS\System32\shlwapi.dll
0x00007ffa225f0000 - 0x00007ffa22616000 	C:\WINDOWS\SYSTEM32\profapi.dll
0x00007ffa0ae50000 - 0x00007ffa0ae68000 	C:\Users\91114302\.jdks\corretto-16.0.2\bin\zip.dll
0x00007ffa0eae0000 - 0x00007ffa0eaf9000 	C:\Users\91114302\.jdks\corretto-16.0.2\bin\net.dll
0x00007ffa1be90000 - 0x00007ffa1bfc7000 	C:\WINDOWS\SYSTEM32\WINHTTP.dll
0x00007ffa21c20000 - 0x00007ffa21c89000 	C:\WINDOWS\system32\mswsock.dll
0x00007ffa09a60000 - 0x00007ffa09a73000 	C:\Users\91114302\.jdks\corretto-16.0.2\bin\nio.dll
0x00007ffa07d90000 - 0x00007ffa07daa000 	C:\Program Files\JetBrains\IntelliJ IDEA Community Edition 2024.2.0.2\bin\breakgen64.dll

dbghelp: loaded successfully - version: 4.0.5 - missing functions: none
symbol engine: initialized successfully - sym options: 0x614 - pdb path: .;C:\Users\91114302\.jdks\corretto-16.0.2\bin;C:\WINDOWS\SYSTEM32;C:\WINDOWS\WinSxS\amd64_microsoft.windows.common-controls_6595b64144ccf1df_6.0.22621.3235_none_270f74e173860f98;C:\Users\91114302\.jdks\corretto-16.0.2\bin\server;C:\Program Files\Palo Alto Networks\Traps;C:\Program Files\JetBrains\IntelliJ IDEA Community Edition 2024.2.0.2\bin

VM Arguments:
jvm_args: -javaagent:C:\Program Files\JetBrains\IntelliJ IDEA Community Edition 2024.2.0.2\lib\idea_rt.jar=61192:C:\Program Files\JetBrains\IntelliJ IDEA Community Edition 2024.2.0.2\bin -Dfile.encoding=UTF-8 -agentpath:C:\Program Files\Palo Alto Networks\Traps\cyjagent.dll 
java_command: Main
java_class_path (initial): C:\Users\91114302\IdeaProjects\RegEx Project\out\production\RegEx Project
Launcher Type: SUN_STANDARD

[Global flags]
     intx CICompilerCount                          = 12                                        {product} {ergonomic}
     uint ConcGCThreads                            = 3                                         {product} {ergonomic}
     uint G1ConcRefinementThreads                  = 13                                        {product} {ergonomic}
   size_t G1HeapRegionSize                         = 4194304                                   {product} {ergonomic}
    uintx GCDrainStackTargetSize                   = 64                                        {product} {ergonomic}
   size_t InitialHeapSize                          = 532676608                                 {product} {ergonomic}
   size_t MarkStackSize                            = 4194304                                   {product} {ergonomic}
   size_t MaxHeapSize                              = 8518631424                                {product} {ergonomic}
   size_t MaxNewSize                               = 5108662272                                {product} {ergonomic}
   size_t MinHeapDeltaBytes                        = 4194304                                   {product} {ergonomic}
   size_t MinHeapSize                              = 8388608                                   {product} {ergonomic}
    uintx NonNMethodCodeHeapSize                   = 7602480                                {pd product} {ergonomic}
    uintx NonProfiledCodeHeapSize                  = 122027880                              {pd product} {ergonomic}
    uintx ProfiledCodeHeapSize                     = 122027880                              {pd product} {ergonomic}
    uintx ReservedCodeCacheSize                    = 251658240                              {pd product} {ergonomic}
     bool SegmentedCodeCache                       = true                                      {product} {ergonomic}
   size_t SoftMaxHeapSize                          = 8518631424                             {manageable} {ergonomic}
     bool UseCompressedClassPointers               = true                           {product lp64_product} {ergonomic}
     bool UseCompressedOops                        = true                           {product lp64_product} {ergonomic}
     bool UseG1GC                                  = true                                      {product} {ergonomic}
     bool UseLargePagesIndividualAllocation        = false                                  {pd product} {ergonomic}

Logging:
Log output configuration:
 #0: stdout all=warning uptime,level,tags
 #1: stderr all=off uptime,level,tags

Environment Variables:
PATH=C:\WINDOWS\system32;C:\WINDOWS;C:\WINDOWS\System32\Wbem;C:\WINDOWS\System32\WindowsPowerShell\v1.0\;C:\WINDOWS\System32\OpenSSH\;C:\Program Files\Microsoft VS Code\bin;C:\Users\91114302\AppData\Local\Microsoft\WindowsApps;C:\Users\91114302\AppData\Local\Programs\Git\cmd;C:\Users\91114302\AppData\Local\Programs\Microsoft VS Code\bin
USERNAME=91114302
OS=Windows_NT
PROCESSOR_IDENTIFIER=Intel64 Family 6 Model 141 Stepping 1, GenuineIntel



---------------  S Y S T E M  ---------------

OS:
 Windows 10 , 64 bit Build 22621 (10.0.22621.3235)
OS uptime: 128 days 2:45 hours
Hyper-V role detected

CPU: total 16 (initial active 16) (8 cores per cpu, 2 threads per core) family 6 model 141 stepping 1 microcode 0x34, cx8, cmov, fxsr, ht, mmx, 3dnowpref, sse, sse2, sse3, ssse3, sse4.1, sse4.2, popcnt, lzcnt, tsc, tscinvbit, avx, avx2, aes, erms, clmul, bmi1, bmi2, adx, avx512f, avx512dq, avx512cd, avx512bw, avx512vl, sha, fma, vzeroupper, avx512_vpopcntdq, avx512_vpclmulqdq, avx512_vaes, avx512_vnni, clflush, clflushopt, clwb, avx512_vmbi2, avx512_vmbi, hv

Memory: 4k page, system-wide physical 32491M (16761M free)
TotalPageFile size 64235M (AvailPageFile size 43576M)
current process WorkingSet (physical memory assigned to process): 40M, peak: 40M
current process commit charge ("private bytes"): 621M, peak: 622M

vm_info: OpenJDK 64-Bit Server VM (16.0.2+7) for windows-amd64 JRE (16.0.2+7), built on Jul 22 2021 01:11:46 by "Administrator" with MS VC++ 15.9 (VS2017)

END.
